build/intermediates/manifest_merge_blame_file/debug/processDebugManifest/manifest-merger-blame-debug-report.txt
1<?xml version="1.0" encoding="utf-8"?>
2<manifest xmlns:android="http://schemas.android.com/apk/res/android"
3    package="com.app.bestbrain" >
4
5    <uses-sdk android:minSdkVersion="24" />
6
7    <uses-permission android:name="android.permission.INTERNET" />
7-->src/main/AndroidManifest.xml:4:5-67
7-->src/main/AndroidManifest.xml:4:22-64
8
9    <application
9-->src/main/AndroidManifest.xml:6:5-13:19
10        android:supportsRtl="true"
10-->src/main/AndroidManifest.xml:7:9-35
11        android:theme="@style/Theme.BestBrain" >
11-->src/main/AndroidManifest.xml:8:9-47
12        <activity
12-->src/main/AndroidManifest.xml:10:9-12:52
13            android:name="com.app.bestbrain.activity.ChatActivity"
13-->src/main/AndroidManifest.xml:11:13-67
14            android:screenOrientation="portrait" />
14-->src/main/AndroidManifest.xml:12:13-49
15    </application>
16
17</manifest>